C:\USERS\FAMILY\SOURCE\REPOS\471PROJECT1\DEBUG\SALEITEM.OBJ
C:\USERS\FAMILY\SOURCE\REPOS\471PROJECT1\DEBUG\SOURCE.OBJ
C:\USERS\FAMILY\SOURCE\REPOS\471PROJECT1\DEBUG\VC110.PDB
C:\USERS\FAMILY\SOURCE\REPOS\471PROJECT1\DEBUG\471PROJECT1.ILK
C:\USERS\FAMILY\SOURCE\REPOS\471PROJECT1\DEBUG\471PROJECT1.EXE
C:\USERS\FAMILY\SOURCE\REPOS\471PROJECT1\DEBUG\471PROJECT1.PDB
C:\Users\Family\Source\Repos\471project1\Debug\SaleItem.obj
C:\Users\Family\Source\Repos\471project1\Debug\Source.obj
C:\Users\Family\Source\Repos\471project1\Debug\471project1.ilk
C:\Users\Family\Source\Repos\471project1\Debug\cl.command.1.tlog
C:\Users\Family\Source\Repos\471project1\Debug\CL.read.1.tlog
C:\Users\Family\Source\Repos\471project1\Debug\CL.write.1.tlog
C:\Users\Family\Source\Repos\471project1\Debug\link-cvtres.read.1.tlog
C:\Users\Family\Source\Repos\471project1\Debug\link-cvtres.write.1.tlog
C:\Users\Family\Source\Repos\471project1\Debug\link-rc.read.1.tlog
C:\Users\Family\Source\Repos\471project1\Debug\link-rc.write.1.tlog
C:\Users\Family\Source\Repos\471project1\Debug\link.1080-cvtres.read.1.tlog
C:\Users\Family\Source\Repos\471project1\Debug\link.1080-cvtres.write.1.tlog
C:\Users\Family\Source\Repos\471project1\Debug\link.1080-rc.read.1.tlog
C:\Users\Family\Source\Repos\471project1\Debug\link.1080-rc.write.1.tlog
C:\Users\Family\Source\Repos\471project1\Debug\link.1080.read.1.tlog
C:\Users\Family\Source\Repos\471project1\Debug\link.1080.write.1.tlog
C:\Users\Family\Source\Repos\471project1\Debug\link.308-cvtres.read.1.tlog
C:\Users\Family\Source\Repos\471project1\Debug\link.308-cvtres.write.1.tlog
C:\Users\Family\Source\Repos\471project1\Debug\link.308-rc.read.1.tlog
C:\Users\Family\Source\Repos\471project1\Debug\link.308-rc.write.1.tlog
C:\Users\Family\Source\Repos\471project1\Debug\link.308.read.1.tlog
C:\Users\Family\Source\Repos\471project1\Debug\link.308.write.1.tlog
C:\Users\Family\Source\Repos\471project1\Debug\link.3444-cvtres.read.1.tlog
C:\Users\Family\Source\Repos\471project1\Debug\link.3444-cvtres.write.1.tlog
C:\Users\Family\Source\Repos\471project1\Debug\link.3444-rc.read.1.tlog
C:\Users\Family\Source\Repos\471project1\Debug\link.3444-rc.write.1.tlog
C:\Users\Family\Source\Repos\471project1\Debug\link.3444.read.1.tlog
C:\Users\Family\Source\Repos\471project1\Debug\link.3444.write.1.tlog
C:\Users\Family\Source\Repos\471project1\Debug\link.4112-cvtres.read.1.tlog
C:\Users\Family\Source\Repos\471project1\Debug\link.4112-cvtres.write.1.tlog
C:\Users\Family\Source\Repos\471project1\Debug\link.4112-rc.read.1.tlog
C:\Users\Family\Source\Repos\471project1\Debug\link.4112-rc.write.1.tlog
C:\Users\Family\Source\Repos\471project1\Debug\link.4112.read.1.tlog
C:\Users\Family\Source\Repos\471project1\Debug\link.4112.write.1.tlog
C:\Users\Family\Source\Repos\471project1\Debug\link.4564-cvtres.read.1.tlog
C:\Users\Family\Source\Repos\471project1\Debug\link.4564-cvtres.write.1.tlog
C:\Users\Family\Source\Repos\471project1\Debug\link.4564-rc.read.1.tlog
C:\Users\Family\Source\Repos\471project1\Debug\link.4564-rc.write.1.tlog
C:\Users\Family\Source\Repos\471project1\Debug\link.4564.read.1.tlog
C:\Users\Family\Source\Repos\471project1\Debug\link.4564.write.1.tlog
C:\Users\Family\Source\Repos\471project1\Debug\link.5676-cvtres.read.1.tlog
C:\Users\Family\Source\Repos\471project1\Debug\link.5676-cvtres.write.1.tlog
C:\Users\Family\Source\Repos\471project1\Debug\link.5676-rc.read.1.tlog
C:\Users\Family\Source\Repos\471project1\Debug\link.5676-rc.write.1.tlog
C:\Users\Family\Source\Repos\471project1\Debug\link.5676.read.1.tlog
C:\Users\Family\Source\Repos\471project1\Debug\link.5676.write.1.tlog
C:\Users\Family\Source\Repos\471project1\Debug\link.752-cvtres.read.1.tlog
C:\Users\Family\Source\Repos\471project1\Debug\link.752-cvtres.write.1.tlog
C:\Users\Family\Source\Repos\471project1\Debug\link.752-rc.read.1.tlog
C:\Users\Family\Source\Repos\471project1\Debug\link.752-rc.write.1.tlog
C:\Users\Family\Source\Repos\471project1\Debug\link.752.read.1.tlog
C:\Users\Family\Source\Repos\471project1\Debug\link.752.write.1.tlog
C:\Users\Family\Source\Repos\471project1\Debug\link.command.1.tlog
C:\Users\Family\Source\Repos\471project1\Debug\link.read.1.tlog
C:\Users\Family\Source\Repos\471project1\Debug\link.write.1.tlog
C:\Users\Family\Source\Repos\471project1\Debug\vc110.idb
C:\Users\Family\Source\Repos\471project1\Debug\471project1.pdb
C:\Users\Family\Source\Repos\471project1\Debug\vc110.pdb
C:\Users\Family\Source\Repos\471project1\Debug\471project1.exe
